<?xml version="1.0" encoding="UTF-8"?>
<testsuite name="ru.yandex.practicum.IntegrationControllerTest" tests="13" skipped="0" failures="0" errors="0" timestamp="2025-06-04T17:23:29.698Z" hostname="MacBook-Pro.local" time="0.66">
  <properties/>
  <testcase name="testEditComment()" classname="ru.yandex.practicum.IntegrationControllerTest" time="0.162"/>
  <testcase name="testEditPost()" classname="ru.yandex.practicum.IntegrationControllerTest" time="0.032"/>
  <testcase name="testDeleteComment()" classname="ru.yandex.practicum.IntegrationControllerTest" time="0.011"/>
  <testcase name="testGetPosts()" classname="ru.yandex.practicum.IntegrationControllerTest" time="0.374"/>
  <testcase name="testAddPost()" classname="ru.yandex.practicum.IntegrationControllerTest" time="0.018"/>
  <testcase name="testAddPostPage()" classname="ru.yandex.practicum.IntegrationControllerTest" time="0.006"/>
  <testcase name="testGetPost()" classname="ru.yandex.practicum.IntegrationControllerTest" time="0.009"/>
  <testcase name="testGetPageablePosts()" classname="ru.yandex.practicum.IntegrationControllerTest" time="0.011"/>
  <testcase name="testContoller()" classname="ru.yandex.practicum.IntegrationControllerTest" time="0.003"/>
  <testcase name="testDeletePost()" classname="ru.yandex.practicum.IntegrationControllerTest" time="0.005"/>
  <testcase name="testEditPostsPage()" classname="ru.yandex.practicum.IntegrationControllerTest" time="0.006"/>
  <testcase name="testLikePost()" classname="ru.yandex.practicum.IntegrationControllerTest" time="0.012"/>
  <testcase name="testAddComment()" classname="ru.yandex.practicum.IntegrationControllerTest" time="0.006"/>
  <system-out><![CDATA[20:23:26.878 [Test worker] INFO org.springframework.test.context.support.AnnotationConfigContextLoaderUtils -- Could not detect default configuration classes for test class [ru.yandex.practicum.IntegrationControllerTest]: IntegrationControllerTest does not declare any static, non-private, non-final, nested classes annotated with @Configuration.
20:23:26.950 [Test worker] INFO org.springframework.boot.test.context.SpringBootTestContextBootstrapper -- Found @SpringBootConfiguration ru.yandex.practicum.BlogApplication for test class ru.yandex.practicum.IntegrationControllerTest

  .   ____          _            __ _ _
 /\\ / ___'_ __ _ _(_)_ __  __ _ \ \ \ \
( ( )\___ | '_ | '_| | '_ \/ _` | \ \ \ \
 \\/  ___)| |_)| | | | | || (_| |  ) ) ) )
  '  |____| .__|_| |_|_| |_\__, | / / / /
 =========|_|==============|___/=/_/_/_/

 :: Spring Boot ::                (v3.5.0)

2025-06-04T20:23:27.165+03:00  INFO 54392 --- [    Test worker] r.y.practicum.IntegrationControllerTest  : Starting IntegrationControllerTest using Java 21.0.6 with PID 54392 (started by Dixi in /Users/Dixi/dev/myblog)
2025-06-04T20:23:27.166+03:00  INFO 54392 --- [    Test worker] r.y.practicum.IntegrationControllerTest  : The following 1 profile is active: "test"
2025-06-04T20:23:27.489+03:00  INFO 54392 --- [    Test worker] .s.d.r.c.RepositoryConfigurationDelegate : Multiple Spring Data modules found, entering strict repository configuration mode
2025-06-04T20:23:27.490+03:00  INFO 54392 --- [    Test worker] .s.d.r.c.RepositoryConfigurationDelegate : Bootstrapping Spring Data JDBC repositories in DEFAULT mode.
2025-06-04T20:23:27.509+03:00  INFO 54392 --- [    Test worker] .RepositoryConfigurationExtensionSupport : Spring Data JDBC - Could not safely identify store assignment for repository candidate interface ru.yandex.practicum.repository.CommentRepository; If you want this repository to be a JDBC repository, consider annotating your entities with one of these annotations: org.springframework.data.relational.core.mapping.Table.
2025-06-04T20:23:27.510+03:00  INFO 54392 --- [    Test worker] .RepositoryConfigurationExtensionSupport : Spring Data JDBC - Could not safely identify store assignment for repository candidate interface ru.yandex.practicum.repository.PostRepository; If you want this repository to be a JDBC repository, consider annotating your entities with one of these annotations: org.springframework.data.relational.core.mapping.Table.
2025-06-04T20:23:27.510+03:00  INFO 54392 --- [    Test worker] .s.d.r.c.RepositoryConfigurationDelegate : Finished Spring Data repository scanning in 16 ms. Found 0 JDBC repository interfaces.
2025-06-04T20:23:27.516+03:00  INFO 54392 --- [    Test worker] .s.d.r.c.RepositoryConfigurationDelegate : Multiple Spring Data modules found, entering strict repository configuration mode
2025-06-04T20:23:27.517+03:00  INFO 54392 --- [    Test worker] .s.d.r.c.RepositoryConfigurationDelegate : Bootstrapping Spring Data JPA repositories in DEFAULT mode.
2025-06-04T20:23:27.534+03:00  INFO 54392 --- [    Test worker] .s.d.r.c.RepositoryConfigurationDelegate : Finished Spring Data repository scanning in 13 ms. Found 2 JPA repository interfaces.
2025-06-04T20:23:27.771+03:00  INFO 54392 --- [    Test worker] com.zaxxer.hikari.HikariDataSource       : HikariPool-1 - Starting...
2025-06-04T20:23:27.883+03:00  INFO 54392 --- [    Test worker] com.zaxxer.hikari.pool.HikariPool        : HikariPool-1 - Added connection org.postgresql.jdbc.PgConnection@5d7f1e59
2025-06-04T20:23:27.884+03:00  INFO 54392 --- [    Test worker] com.zaxxer.hikari.HikariDataSource       : HikariPool-1 - Start completed.
2025-06-04T20:23:27.959+03:00  INFO 54392 --- [    Test worker] liquibase.database                       : Set default schema name to public
2025-06-04T20:23:28.146+03:00  INFO 54392 --- [    Test worker] liquibase.changelog                      : Reading from public.databasechangelog
2025-06-04T20:23:28.172+03:00  INFO 54392 --- [    Test worker] liquibase.ui                             : Database is up to date, no changesets to execute
2025-06-04T20:23:28.173+03:00  INFO 54392 --- [    Test worker] liquibase.changelog                      : Reading from public.databasechangelog
2025-06-04T20:23:28.177+03:00  INFO 54392 --- [    Test worker] liquibase.util                           : UPDATE SUMMARY
2025-06-04T20:23:28.177+03:00  INFO 54392 --- [    Test worker] liquibase.util                           : Run:                          0
2025-06-04T20:23:28.177+03:00  INFO 54392 --- [    Test worker] liquibase.util                           : Previously run:               2
2025-06-04T20:23:28.177+03:00  INFO 54392 --- [    Test worker] liquibase.util                           : Filtered out:                 0
2025-06-04T20:23:28.177+03:00  INFO 54392 --- [    Test worker] liquibase.util                           : -------------------------------
2025-06-04T20:23:28.177+03:00  INFO 54392 --- [    Test worker] liquibase.util                           : Total change sets:            2
2025-06-04T20:23:28.178+03:00  INFO 54392 --- [    Test worker] liquibase.util                           : Update summary generated
2025-06-04T20:23:28.178+03:00  INFO 54392 --- [    Test worker] liquibase.command                        : Command execution complete
2025-06-04T20:23:28.516+03:00  INFO 54392 --- [    Test worker] o.hibernate.jpa.internal.util.LogHelper  : HHH000204: Processing PersistenceUnitInfo [name: default]
2025-06-04T20:23:28.544+03:00  INFO 54392 --- [    Test worker] org.hibernate.Version                    : HHH000412: Hibernate ORM core version 6.6.15.Final
2025-06-04T20:23:28.562+03:00  INFO 54392 --- [    Test worker] o.h.c.internal.RegionFactoryInitiator    : HHH000026: Second-level cache disabled
2025-06-04T20:23:28.709+03:00  INFO 54392 --- [    Test worker] o.s.o.j.p.SpringPersistenceUnitInfo      : No LoadTimeWeaver setup: ignoring JPA class transformer
2025-06-04T20:23:28.750+03:00  INFO 54392 --- [    Test worker] org.hibernate.orm.connections.pooling    : HHH10001005: Database info:
	Database JDBC URL [Connecting through datasource 'HikariDataSource (HikariPool-1)']
	Database driver: undefined/unknown
	Database version: 17.5
	Autocommit mode: undefined/unknown
	Isolation level: undefined/unknown
	Minimum pool size: undefined/unknown
	Maximum pool size: undefined/unknown
2025-06-04T20:23:29.167+03:00  INFO 54392 --- [    Test worker] o.h.e.t.j.p.i.JtaPlatformInitiator       : HHH000489: No JTA platform available (set 'hibernate.transaction.jta.platform' to enable JTA platform integration)
2025-06-04T20:23:29.169+03:00  INFO 54392 --- [    Test worker] j.LocalContainerEntityManagerFactoryBean : Initialized JPA EntityManagerFactory for persistence unit 'default'
2025-06-04T20:23:29.296+03:00  INFO 54392 --- [    Test worker] o.s.d.j.r.query.QueryEnhancerFactory     : Hibernate is in classpath; If applicable, HQL parser will be used.
2025-06-04T20:23:29.418+03:00  WARN 54392 --- [    Test worker] JpaBaseConfiguration$JpaWebConfiguration : spring.jpa.open-in-view is enabled by default. Therefore, database queries may be performed during view rendering. Explicitly configure spring.jpa.open-in-view to disable this warning
2025-06-04T20:23:29.663+03:00  INFO 54392 --- [    Test worker] o.s.b.t.m.w.SpringBootMockServletContext : Initializing Spring TestDispatcherServlet ''
2025-06-04T20:23:29.663+03:00  INFO 54392 --- [    Test worker] o.s.t.web.servlet.TestDispatcherServlet  : Initializing Servlet ''
2025-06-04T20:23:29.663+03:00  INFO 54392 --- [    Test worker] o.s.t.web.servlet.TestDispatcherServlet  : Completed initialization in 0 ms
2025-06-04T20:23:29.679+03:00  INFO 54392 --- [    Test worker] r.y.practicum.IntegrationControllerTest  : Started IntegrationControllerTest in 2.669 seconds (process running for 3.317)
2025-06-04T20:23:29.767+03:00  INFO 54392 --- [    Test worker] r.y.p.logger.RequestLoggerFilter         : Получен POST запрос /blog/posts/246/comments/142
2025-06-04T20:23:29.864+03:00  INFO 54392 --- [    Test worker] r.y.p.logger.RequestLoggerFilter         : Получен POST запрос /blog/posts/247
2025-06-04T20:23:29.895+03:00  INFO 54392 --- [    Test worker] r.y.p.logger.RequestLoggerFilter         : Получен POST запрос /blog/posts/246/comments/142/delete
2025-06-04T20:23:29.905+03:00  INFO 54392 --- [    Test worker] r.y.p.logger.RequestLoggerFilter         : Получен GET запрос /blog/posts
testAddPost id=247
2025-06-04T20:23:30.280+03:00  INFO 54392 --- [    Test worker] r.y.p.logger.RequestLoggerFilter         : Получен POST запрос /blog/posts
2025-06-04T20:23:30.281+03:00  INFO 54392 --- [    Test worker] r.y.practicum.controller.PostController  : Start addPost: postDto=PostDto(id=null, title=Пост для проверки добавления, text=Специальный пост1, image=org.springframework.mock.web.MockMultipartFile@1e60d113, tags=special)
2025-06-04T20:23:30.298+03:00  INFO 54392 --- [    Test worker] r.y.p.logger.RequestLoggerFilter         : Получен GET запрос /blog/posts/add
2025-06-04T20:23:30.305+03:00  INFO 54392 --- [    Test worker] r.y.p.logger.RequestLoggerFilter         : Получен GET запрос /blog/posts/246
2025-06-04T20:23:30.314+03:00  INFO 54392 --- [    Test worker] r.y.p.logger.RequestLoggerFilter         : Получен GET запрос /blog/posts
2025-06-04T20:23:30.329+03:00  INFO 54392 --- [    Test worker] r.y.p.logger.RequestLoggerFilter         : Получен POST запрос /blog/posts/246/delete
2025-06-04T20:23:30.335+03:00  INFO 54392 --- [    Test worker] r.y.p.logger.RequestLoggerFilter         : Получен GET запрос /blog/posts/247/edit
2025-06-04T20:23:30.346+03:00  INFO 54392 --- [    Test worker] r.y.p.logger.RequestLoggerFilter         : Получен POST запрос /blog/posts/247/like
2025-06-04T20:23:30.354+03:00  INFO 54392 --- [    Test worker] r.y.p.logger.RequestLoggerFilter         : Получен POST запрос /blog/posts/248/comments
]]></system-out>
  <system-err><![CDATA[]]></system-err>
</testsuite>
